# JRE version: OpenJDK Runtime Environment Temurin-17.0.10+7 (17.0.10+7) (build 17.0.10+7)
# Java VM: OpenJDK 64-Bit Server VM Temurin-17.0.10+7 (17.0.10+7, mixed mode, tiered, compressed oops, compressed class ptrs, g1 gc, windows-amd64)
GC Precious Log:
 CPUs: 16 total, 16 available
 Memory: 15720M
 Large Page Support: Disabled
 NUMA Support: Disabled
 Compressed Oops: Enabled (Zero based)
 Heap Region Size: 2M
 Heap Min Capacity: 8M
 Heap Initial Capacity: 246M
 Heap Max Capacity: 3932M
 Pre-touch: Disabled
 Parallel Workers: 13
 Concurrent Workers: 3
 Concurrent Refinement Workers: 13
 Periodic GC: Disabled
Heap:
 garbage-first heap   total 108544K, used 65401K [0x000000070a400000, 0x0000000800000000)
  region size 2048K, 11 young (22528K), 2 survivors (4096K)
 Metaspace       used 86152K, committed 86912K, reserved 1179648K
  class space    used 11314K, committed 11712K, reserved 1048576K
GC Heap History (20 events):
Event: 912.561 GC heap before
{Heap before GC invocations=24 (full 1):
 garbage-first heap   total 108544K, used 68937K [0x000000070a400000, 0x0000000800000000)
  region size 2048K, 20 young (40960K), 3 survivors (6144K)
 Metaspace       used 85083K, committed 85760K, reserved 1179648K
  class space    used 11272K, committed 11648K, reserved 1048576K
}
Event: 912.624 GC heap after
{Heap after GC invocations=25 (full 2):
 garbage-first heap   total 108544K, used 35499K [0x000000070a400000, 0x0000000800000000)
  region size 2048K, 0 young (0K), 0 survivors (0K)
 Metaspace       used 85083K, committed 85760K, reserved 1179648K
  class space    used 11272K, committed 11648K, reserved 1048576K
}
Event: 913.436 GC heap before
{Heap before GC invocations=25 (full 2):
 garbage-first heap   total 108544K, used 84651K [0x000000070a400000, 0x0000000800000000)
  region size 2048K, 24 young (49152K), 0 survivors (0K)
 Metaspace       used 85137K, committed 85888K, reserved 1179648K
  class space    used 11276K, committed 11648K, reserved 1048576K
}
Event: 913.439 GC heap after
{Heap after GC invocations=26 (full 2):
 garbage-first heap   total 108544K, used 39413K [0x000000070a400000, 0x0000000800000000)
  region size 2048K, 2 young (4096K), 2 survivors (4096K)
 Metaspace       used 85137K, committed 85888K, reserved 1179648K
  class space    used 11276K, committed 11648K, reserved 1048576K
}
Event: 914.749 GC heap before
{Heap before GC invocations=26 (full 2):
 garbage-first heap   total 108544K, used 84469K [0x000000070a400000, 0x0000000800000000)
  region size 2048K, 24 young (49152K), 2 survivors (4096K)
 Metaspace       used 85455K, committed 86208K, reserved 1179648K
  class space    used 11291K, committed 11648K, reserved 1048576K
}
Event: 914.753 GC heap after
{Heap after GC invocations=27 (full 2):
 garbage-first heap   total 108544K, used 41696K [0x000000070a400000, 0x0000000800000000)
  region size 2048K, 2 young (4096K), 2 survivors (4096K)
 Metaspace       used 85455K, committed 86208K, reserved 1179648K
  class space    used 11291K, committed 11648K, reserved 1048576K
}
Event: 915.138 GC heap before
{Heap before GC invocations=27 (full 2):
 garbage-first heap   total 108544K, used 82656K [0x000000070a400000, 0x0000000800000000)
  region size 2048K, 22 young (45056K), 2 survivors (4096K)
 Metaspace       used 85486K, committed 86208K, reserved 1179648K
  class space    used 11293K, committed 11648K, reserved 1048576K
}
Event: 915.141 GC heap after
{Heap after GC invocations=28 (full 2):
 garbage-first heap   total 108544K, used 43185K [0x000000070a400000, 0x0000000800000000)
  region size 2048K, 3 young (6144K), 3 survivors (6144K)
 Metaspace       used 85486K, committed 86208K, reserved 1179648K
  class space    used 11293K, committed 11648K, reserved 1048576K
}
Event: 1206.997 GC heap before
{Heap before GC invocations=28 (full 2):
 garbage-first heap   total 108544K, used 80049K [0x000000070a400000, 0x0000000800000000)
  region size 2048K, 22 young (45056K), 3 survivors (6144K)
 Metaspace       used 85589K, committed 86336K, reserved 1179648K
  class space    used 11293K, committed 11648K, reserved 1048576K
}
Event: 1207.076 GC heap after
{Heap after GC invocations=29 (full 3):
 garbage-first heap   total 108544K, used 40265K [0x000000070a400000, 0x0000000800000000)
  region size 2048K, 0 young (0K), 0 survivors (0K)
 Metaspace       used 85589K, committed 86336K, reserved 1179648K
  class space    used 11293K, committed 11648K, reserved 1048576K
}
Event: 1207.916 GC heap before
{Heap before GC invocations=29 (full 3):
 garbage-first heap   total 108544K, used 83273K [0x000000070a400000, 0x0000000800000000)
  region size 2048K, 21 young (43008K), 0 survivors (0K)
 Metaspace       used 85702K, committed 86400K, reserved 1179648K
  class space    used 11302K, committed 11648K, reserved 1048576K
}
Event: 1207.922 GC heap after
{Heap after GC invocations=30 (full 3):
 garbage-first heap   total 108544K, used 43890K [0x000000070a400000, 0x0000000800000000)
  region size 2048K, 2 young (4096K), 2 survivors (4096K)
 Metaspace       used 85702K, committed 86400K, reserved 1179648K
  class space    used 11302K, committed 11648K, reserved 1048576K
}
Event: 1208.973 GC heap before
{Heap before GC invocations=30 (full 3):
 garbage-first heap   total 108544K, used 80754K [0x000000070a400000, 0x0000000800000000)
  region size 2048K, 21 young (43008K), 2 survivors (4096K)
 Metaspace       used 85950K, committed 86720K, reserved 1179648K
  class space    used 11309K, committed 11712K, reserved 1048576K
}
Event: 1208.977 GC heap after
{Heap after GC invocations=31 (full 3):
 garbage-first heap   total 108544K, used 45967K [0x000000070a400000, 0x0000000800000000)
  region size 2048K, 2 young (4096K), 2 survivors (4096K)
 Metaspace       used 85950K, committed 86720K, reserved 1179648K
  class space    used 11309K, committed 11712K, reserved 1048576K
}
Event: 1209.209 GC heap before
{Heap before GC invocations=31 (full 3):
 garbage-first heap   total 108544K, used 80783K [0x000000070a400000, 0x0000000800000000)
  region size 2048K, 19 young (38912K), 2 survivors (4096K)
 Metaspace       used 86013K, committed 86784K, reserved 1179648K
  class space    used 11312K, committed 11712K, reserved 1048576K
}
Event: 1209.212 GC heap after
{Heap after GC invocations=32 (full 3):
 garbage-first heap   total 108544K, used 47135K [0x000000070a400000, 0x0000000800000000)
  region size 2048K, 2 young (4096K), 2 survivors (4096K)
 Metaspace       used 86013K, committed 86784K, reserved 1179648K
  class space    used 11312K, committed 11712K, reserved 1048576K
}
Event: 1209.507 GC heap before
{Heap before GC invocations=32 (full 3):
 garbage-first heap   total 108544K, used 83999K [0x000000070a400000, 0x0000000800000000)
  region size 2048K, 20 young (40960K), 2 survivors (4096K)
 Metaspace       used 86037K, committed 86784K, reserved 1179648K
  class space    used 11314K, committed 11712K, reserved 1048576K
}
Event: 1209.510 GC heap after
{Heap after GC invocations=33 (full 3):
 garbage-first heap   total 108544K, used 48652K [0x000000070a400000, 0x0000000800000000)
  region size 2048K, 2 young (4096K), 2 survivors (4096K)
 Metaspace       used 86037K, committed 86784K, reserved 1179648K
  class space    used 11314K, committed 11712K, reserved 1048576K
}
Event: 2066.826 GC heap before
{Heap before GC invocations=33 (full 3):
 garbage-first heap   total 108544K, used 83468K [0x000000070a400000, 0x0000000800000000)
  region size 2048K, 19 young (38912K), 2 survivors (4096K)
 Metaspace       used 86071K, committed 86848K, reserved 1179648K
  class space    used 11314K, committed 11712K, reserved 1048576K
}
Event: 2066.829 GC heap after
{Heap after GC invocations=34 (full 3):
 garbage-first heap   total 108544K, used 49017K [0x000000070a400000, 0x0000000800000000)
  region size 2048K, 2 young (4096K), 2 survivors (4096K)
 Metaspace       used 86071K, committed 86848K, reserved 1179648K
  class space    used 11314K, committed 11712K, reserved 1048576K
}

